build/app/outputs/mapping/release/mapping.txt
# compiler: R8
# compiler_version: 1.5.64
# min_api: 21
# pg_map_id: ded861e
...
io.flutter.embedding.engine.loader.FlutterLoader$1$1 -> io.flutter.embedding.engine.f.a$a$a:
io.flutter.embedding.engine.loader.FlutterLoader$InitResult -> io.flutter.embedding.engine.f.a$b:
    java.lang.String appStoragePath -> a
    java.lang.String engineCachesPath -> b
io.flutter.embedding.engine.loader.FlutterLoader$Settings -> io.flutter.embedding.engine.f.a$c:
    java.lang.String logTag -> a
    java.lang.String getLogTag() -> a
io.flutter.embedding.engine.loader.ResourceExtractor -> io.flutter.embedding.engine.f.b:
    void waitForCompletion() -> a
    java.lang.String[] getSupportedAbis() -> b
io.flutter.embedding.engine.mutatorsstack.FlutterMutatorView -> io.flutter.embedding.engine.mutatorsstack.a:
    float screenDensity -> b
    int top -> d
    io.flutter.embedding.android.AndroidTouchProcessor androidTouchProcessor -> e
    io.flutter.embedding.engine.mutatorsstack.FlutterMutatorsStack mutatorsStack -> a
    int left -> c
    void readyToDisplay(io.flutter.embedding.engine.mutatorsstack.FlutterMutatorsStack,int,int,int,int) -> a
io.flutter.embedding.engine.mutatorsstack.FlutterMutatorsStack$FlutterMutator -> io.flutter.embedding.engine.mutatorsstack.FlutterMutatorsStack$a:
    android.graphics.Matrix matrix -> a
    android.graphics.Matrix getMatrix() -> a
io.flutter.embedding.engine.mutatorsstack.FlutterMutatorsStack$FlutterMutatorType -> io.flutter.embedding.engine.mutatorsstack.FlutterMutatorsStack$b:
    io.flutter.embedding.engine.mutatorsstack.FlutterMutatorsStack$FlutterMutatorType[] $VALUES -> f
    io.flutter.embedding.engine.mutatorsstack.FlutterMutatorsStack$FlutterMutatorType TRANSFORM -> d
    io.flutter.embedding.engine.mutatorsstack.FlutterMutatorsStack$FlutterMutatorType OPACITY -> e
    io.flutter.embedding.engine.mutatorsstack.FlutterMutatorsStack$FlutterMutatorType CLIP_RECT -> a
    io.flutter.embedding.engine.mutatorsstack.FlutterMutatorsStack$FlutterMutatorType CLIP_RRECT -> b
    io.flutter.embedding.engine.mutatorsstack.FlutterMutatorsStack$FlutterMutatorType CLIP_PATH -> c
io.flutter.embedding.engine.plugins.FlutterPlugin -> io.flutter.embedding.engine.g.a:
    void onAttachedToEngine(io.flutter.embedding.engine.plugins.FlutterPlugin$FlutterPluginBinding) -> a
    void onDetachedFromEngine(io.flutter.embedding.engine.plugins.FlutterPlugin$FlutterPluginBinding) -> b
io.flutter.embedding.engine.plugins.FlutterPlugin$FlutterAssets -> io.flutter.embedding.engine.g.a$a:
io.flutter.embedding.engine.plugins.FlutterPlugin$FlutterPluginBinding -> io.flutter.embedding.engine.g.a$b:
    android.content.Context applicationContext -> a
    io.flutter.view.TextureRegistry textureRegistry -> d
    io.flutter.embedding.engine.FlutterEngine flutterEngine -> b
    io.flutter.plugin.common.BinaryMessenger binaryMessenger -> c
    android.content.Context getApplicationContext() -> a
    io.flutter.plugin.common.BinaryMessenger getBinaryMessenger() -> b
    io.flutter.embedding.engine.FlutterEngine getFlutterEngine() -> c
    io.flutter.view.TextureRegistry getTextureRegistry() -> d
io.flutter.embedding.engine.plugins.PluginRegistry -> io.flutter.embedding.engine.g.b:
    void add(io.flutter.embedding.engine.plugins.FlutterPlugin) -> a
io.flutter.embedding.engine.plugins.activity.ActivityAware -> io.flutter.embedding.engine.g.c.a:
    void onAttachedToActivity(io.flutter.embedding.engine.plugins.activity.ActivityPluginBinding) -> a
    void onDetachedFromActivity() -> a
    void onDetachedFromActivityForConfigChanges() -> b
    void onReattachedToActivityForConfigChanges(io.flutter.embedding.engine.plugins.activity.ActivityPluginBinding) -> b